<?xml version="1.0" encoding="UTF-8"?>
<testsuite name="processingunit.LowerCaseConverterBlockTest" tests="5" skipped="0" failures="0" errors="0" timestamp="2016-04-22T21:13:05" hostname="DESKTOP-FSUCAJD" time="0.004">
  <properties/>
  <testcase name="blockFunctionalityChecker[0]" classname="processingunit.LowerCaseConverterBlockTest" time="0.001"/>
  <testcase name="blockFunctionalityChecker[1]" classname="processingunit.LowerCaseConverterBlockTest" time="0.0"/>
  <testcase name="blockFunctionalityChecker[2]" classname="processingunit.LowerCaseConverterBlockTest" time="0.0"/>
  <testcase name="blockFunctionalityChecker[3]" classname="processingunit.LowerCaseConverterBlockTest" time="0.0"/>
  <testcase name="blockFunctionalityChecker[4]" classname="processingunit.LowerCaseConverterBlockTest" time="0.001"/>
  <system-out><![CDATA[]]></system-out>
  <system-err><![CDATA[]]></system-err>
</testsuite>
