<?xml version="1.0" encoding="UTF-8"?>
<testsuite name="processingunit.FileHandlerTest" tests="1" skipped="0" failures="0" errors="0" timestamp="2016-04-22T21:13:05" hostname="DESKTOP-FSUCAJD" time="0.02">
  <properties/>
  <testcase name="readFileAndCheckForNumberOfBlocks" classname="processingunit.FileHandlerTest" time="0.02"/>
  <system-out><![CDATA[]]></system-out>
  <system-err><![CDATA[]]></system-err>
</testsuite>
